2020/06/30 15:47:43 [1;34m[I] [service.go:257] [affd7ef3cc41ef3f] login to server success, get run id [affd7ef3cc41ef3f], server udp port [0][0m
2020/06/30 15:47:43 [1;34m[I] [proxy_manager.go:144] [affd7ef3cc41ef3f] proxy added: [k8s ex-lb transport grafana prometheus hublle-ui traefic-admin jaeger][0m
2020/06/30 15:47:43 [1;34m[I] [control.go:179] [affd7ef3cc41ef3f] [k8s] start proxy success[0m
2020/06/30 15:47:43 [1;33m[W] [control.go:177] [affd7ef3cc41ef3f] [jaeger] start error: port unavailable[0m
2020/06/30 15:47:43 [1;34m[I] [control.go:179] [affd7ef3cc41ef3f] [traefic-admin] start proxy success[0m
2020/06/30 15:47:43 [1;34m[I] [control.go:179] [affd7ef3cc41ef3f] [ex-lb transport] start proxy success[0m
2020/06/30 15:47:43 [1;34m[I] [control.go:179] [affd7ef3cc41ef3f] [prometheus] start proxy success[0m
2020/06/30 15:47:43 [1;34m[I] [control.go:179] [affd7ef3cc41ef3f] [grafana] start proxy success[0m
2020/06/30 15:47:43 [1;34m[I] [control.go:179] [affd7ef3cc41ef3f] [hublle-ui] start proxy success[0m
2020/06/30 15:48:16 [1;33m[W] [control.go:177] [affd7ef3cc41ef3f] [jaeger] start error: port unavailable[0m
2020/06/30 15:48:49 [1;33m[W] [control.go:177] [affd7ef3cc41ef3f] [jaeger] start error: port unavailable[0m
2020/06/30 15:49:22 [1;33m[W] [control.go:177] [affd7ef3cc41ef3f] [jaeger] start error: port unavailable[0m
2020/06/30 15:49:52 [1;33m[W] [control.go:177] [affd7ef3cc41ef3f] [jaeger] start error: port unavailable[0m
2020/06/30 15:50:22 [1;33m[W] [control.go:177] [affd7ef3cc41ef3f] [jaeger] start error: port unavailable[0m
2020/06/30 15:50:52 [1;33m[W] [control.go:177] [affd7ef3cc41ef3f] [jaeger] start error: port unavailable[0m
2020/06/30 15:51:22 [1;33m[W] [control.go:177] [affd7ef3cc41ef3f] [jaeger] start error: port unavailable[0m
2020/06/30 15:51:52 [1;33m[W] [control.go:177] [affd7ef3cc41ef3f] [jaeger] start error: port unavailable[0m
2020/06/30 15:52:22 [1;33m[W] [control.go:177] [affd7ef3cc41ef3f] [jaeger] start error: port unavailable[0m
2020/06/30 15:52:52 [1;33m[W] [control.go:177] [affd7ef3cc41ef3f] [jaeger] start error: port unavailable[0m
2020/06/30 15:53:22 [1;33m[W] [control.go:177] [affd7ef3cc41ef3f] [jaeger] start error: port unavailable[0m
2020/06/30 15:53:52 [1;33m[W] [control.go:177] [affd7ef3cc41ef3f] [jaeger] start error: port unavailable[0m
2020/06/30 15:54:22 [1;33m[W] [control.go:177] [affd7ef3cc41ef3f] [jaeger] start error: port unavailable[0m
2020/06/30 15:54:52 [1;33m[W] [control.go:177] [affd7ef3cc41ef3f] [jaeger] start error: port unavailable[0m
2020/06/30 15:55:22 [1;33m[W] [control.go:177] [affd7ef3cc41ef3f] [jaeger] start error: port unavailable[0m
2020/06/30 15:55:52 [1;33m[W] [control.go:177] [affd7ef3cc41ef3f] [jaeger] start error: port unavailable[0m
2020/06/30 15:56:25 [1;33m[W] [control.go:177] [affd7ef3cc41ef3f] [jaeger] start error: port unavailable[0m
2020/06/30 15:56:58 [1;33m[W] [control.go:177] [affd7ef3cc41ef3f] [jaeger] start error: port unavailable[0m
